Using pre-set license
Built from '2020.3/staging' branch; Version is '2020.3.45f1 (660cd1701bd5) revision 6687953'; Using compiler version '192528614'; Build Type 'Release'
OS: 'Windows 10  (10.0.19045) 64bit CoreSingleLanguage' Language: 'pt' Physical Memory: 20259 MB
BatchMode: 1, IsHumanControllingUs: 0, StartBugReporterOnCrash: 0, Is64bit: 1, IsPro: 0

COMMAND LINE ARGUMENTS:
C:\Program Files\Unity\Hub\Editor\2020.3.45f1\Editor\Unity.exe
-adb2
-batchMode
-noUpm
-name
AssetImportWorker0
-projectPath
C:/Users/Igor França Cintra/My project (1)
-logFile
Logs/AssetImportWorker0.log
-srvPort
56647
Successfully changed project path to: C:/Users/Igor França Cintra/My project (1)
C:/Users/Igor França Cintra/My project (1)
Using Asset Import Pipeline V2.
Player connection [24200] Host "[IP] 192.168.0.219 [Port] 1073959456 [Flags] 2 [Guid] 340554971 [EditorId] 340554971 [Version] 1048832 [Id] WindowsEditor(7,DESKTOP-0OK4I5V) [Debug] 1 [PackageName] WindowsEditor [ProjectName] Editor" joined multi-casting on [225.0.0.222:54997]...

Player connection [24200] Host "[IP] 192.168.0.219 [Port] 1073959456 [Flags] 2 [Guid] 340554971 [EditorId] 340554971 [Version] 1048832 [Id] WindowsEditor(7,DESKTOP-0OK4I5V) [Debug] 1 [PackageName] WindowsEditor [ProjectName] Editor" joined alternative multi-casting on [225.0.0.222:34997]...

Refreshing native plugins compatible for Editor in 46.68 ms, found 2 plugins.
Preloading 0 native plugins for Editor in 0.00 ms.
Initialize engine version: 2020.3.45f1 (660cd1701bd5)
[Subsystems] Discovering subsystems at path C:/Program Files/Unity/Hub/Editor/2020.3.45f1/Editor/Data/Resources/UnitySubsystems
[Subsystems] Discovering subsystems at path C:/Users/Igor França Cintra/My project (1)/Assets
GfxDevice: creating device client; threaded=0
Direct3D:
    Version:  Direct3D 11.0 [level 11.1]
    Renderer: NVIDIA GeForce MX350 (ID=0x1c94)
    Vendor:   
    VRAM:     1978 MB
    Driver:   31.0.15.3598
Initialize mono
Mono path[0] = 'C:/Program Files/Unity/Hub/Editor/2020.3.45f1/Editor/Data/Managed'
Mono path[1] = 'C:/Program Files/Unity/Hub/Editor/2020.3.45f1/Editor/Data/MonoBleedingEdge/lib/mono/unityjit'
Mono config path = 'C:/Program Files/Unity/Hub/Editor/2020.3.45f1/Editor/Data/MonoBleedingEdge/etc'
Using monoOptions --debugger-agent=transport=dt_socket,embedding=1,server=y,suspend=n,address=127.0.0.1:56080
Begin MonoManager ReloadAssembly
Registering precompiled unity dll's ...
Register platform support module: C:/Program Files/Unity/Hub/Editor/2020.3.45f1/Editor/Data/PlaybackEngines/WindowsStandaloneSupport/UnityEditor.WindowsStandalone.Extensions.dll
Registered in 0.002016 seconds.
Native extension for WindowsStandalone target not found
Refreshing native plugins compatible for Editor in 59.44 ms, found 2 plugins.
Preloading 0 native plugins for Editor in 0.00 ms.
Mono: successfully reloaded assembly
- Completed reload, in  0.637 seconds
Domain Reload Profiling:
	ReloadAssembly (638ms)
		BeginReloadAssembly (72ms)
			ExecutionOrderSort (0ms)
			DisableScriptedObjects (0ms)
			BackupInstance (0ms)
			ReleaseScriptingObjects (0ms)
			CreateAndSetChildDomain (1ms)
		EndReloadAssembly (486ms)
			LoadAssemblies (70ms)
			RebuildTransferFunctionScriptingTraits (0ms)
			SetupTypeCache (154ms)
			ReleaseScriptCaches (0ms)
			RebuildScriptCaches (29ms)
			SetupLoadedEditorAssemblies (202ms)
				LogAssemblyErrors (0ms)
				InitializePlatformSupportModulesInManaged (4ms)
				SetLoadedEditorAssemblies (0ms)
				RefreshPlugins (60ms)
				BeforeProcessingInitializeOnLoad (16ms)
				ProcessInitializeOnLoadAttributes (94ms)
				ProcessInitializeOnLoadMethodAttributes (28ms)
				AfterProcessingInitializeOnLoad (0ms)
				EditorAssembliesLoaded (0ms)
			ExecutionOrderSort2 (0ms)
			AwakeInstancesAfterBackupRestoration (0ms)
Platform modules already initialized, skipping
Registering precompiled user dll's ...
Registered in 0.004410 seconds.
Begin MonoManager ReloadAssembly
Native extension for WindowsStandalone target not found
Refreshing native plugins compatible for Editor in 74.94 ms, found 2 plugins.
Preloading 0 native plugins for Editor in 0.00 ms.
Mono: successfully reloaded assembly
- Completed reload, in  1.463 seconds
Domain Reload Profiling:
	ReloadAssembly (1464ms)
		BeginReloadAssembly (205ms)
			ExecutionOrderSort (0ms)
			DisableScriptedObjects (10ms)
			BackupInstance (0ms)
			ReleaseScriptingObjects (0ms)
			CreateAndSetChildDomain (23ms)
		EndReloadAssembly (1144ms)
			LoadAssemblies (132ms)
			RebuildTransferFunctionScriptingTraits (0ms)
			SetupTypeCache (299ms)
			ReleaseScriptCaches (1ms)
			RebuildScriptCaches (74ms)
			SetupLoadedEditorAssemblies (507ms)
				LogAssemblyErrors (0ms)
				InitializePlatformSupportModulesInManaged (5ms)
				SetLoadedEditorAssemblies (0ms)
				RefreshPlugins (75ms)
				BeforeProcessingInitializeOnLoad (73ms)
				ProcessInitializeOnLoadAttributes (319ms)
				ProcessInitializeOnLoadMethodAttributes (29ms)
				AfterProcessingInitializeOnLoad (6ms)
				EditorAssembliesLoaded (0ms)
			ExecutionOrderSort2 (0ms)
			AwakeInstancesAfterBackupRestoration (2ms)
Platform modules already initialized, skipping
========================================================================
Worker process is ready to serve import requests
Launched and connected shader compiler UnityShaderCompiler.exe after 0.07 seconds
Refreshing native plugins compatible for Editor in 0.91 ms, found 2 plugins.
Preloading 0 native plugins for Editor in 0.00 ms.
Unloading 1850 Unused Serialized files (Serialized files now loaded: 0)
System memory in use before: 89.6 MB.
System memory in use after: 89.6 MB.

Unloading 22 unused Assets to reduce memory usage. Loaded Objects now: 2289.
Total: 4.842700 ms (FindLiveObjects: 0.196600 ms CreateObjectMapping: 0.072800 ms MarkObjects: 4.448200 ms  DeleteObjects: 0.123700 ms)

AssetImportParameters requested are different than current active one (requested -> active):
  custom:framework-win-MediaFoundation: 216162199b28c13a410421893ffa2e32 -> 
  custom:video-decoder-ogg-theora: a1e56fd34408186e4bbccfd4996cb3dc -> 
  custom:container-muxer-webm: aa71ff27fc2769a1b78a27578f13a17b -> 
  custom:container-demuxer-webm: 4f35f7cbe854078d1ac9338744f61a02 -> 
  custom:container-demuxer-ogg: 62fdf1f143b41e24485cea50d1cbac27 -> 
  custom:video-encoder-webm-vp8: eb34c28f22e8b96e1ab97ce403110664 -> 
  custom:video-decoder-webm-vp8: 9c59270c3fd7afecdb556c50c9e8de78 -> 
  custom:audio-decoder-ogg-vorbis: bf7c407c2cedff20999df2af8eb42d56 -> 
  custom:audio-encoder-webm-vorbis: bf7c407c2cedff20999df2af8eb42d56 -> 
========================================================================
Received Import Request.
  path: Assets/DesaparecerObjeto.cs
  artifactKey: Guid(f59669f0a0a5df3458151f90a8bbd617) Importer(815301076,1909f56bfc062723c751e8b465ee728b)
Start importing Assets/DesaparecerObjeto.cs using Guid(f59669f0a0a5df3458151f90a8bbd617) Importer(815301076,1909f56bfc062723c751e8b465ee728b)  -> (artifact id: '3da7551202a567eacea2a04438973fa4') in 0.042015 seconds 
========================================================================
Received Import Request.
  Time since last request: 3.221426 seconds.
  path: Assets/AtivarObjeto.cs
  artifactKey: Guid(82b8b0b6ddc11c643991d453aba70cb4) Importer(815301076,1909f56bfc062723c751e8b465ee728b)
Start importing Assets/AtivarObjeto.cs using Guid(82b8b0b6ddc11c643991d453aba70cb4) Importer(815301076,1909f56bfc062723c751e8b465ee728b)  -> (artifact id: '9f4f52186b841cd6e1ee83d1149e7cb6') in 0.016990 seconds 
========================================================================
Received Prepare
Registering precompiled user dll's ...
Registered in 0.004463 seconds.
Begin MonoManager ReloadAssembly
Native extension for WindowsStandalone target not found
Refreshing native plugins compatible for Editor in 0.52 ms, found 2 plugins.
Preloading 0 native plugins for Editor in 0.00 ms.
Mono: successfully reloaded assembly
- Completed reload, in  1.178 seconds
Domain Reload Profiling:
	ReloadAssembly (1179ms)
		BeginReloadAssembly (142ms)
			ExecutionOrderSort (0ms)
			DisableScriptedObjects (5ms)
			BackupInstance (0ms)
			ReleaseScriptingObjects (0ms)
			CreateAndSetChildDomain (37ms)
		EndReloadAssembly (948ms)
			LoadAssemblies (114ms)
			RebuildTransferFunctionScriptingTraits (0ms)
			SetupTypeCache (324ms)
			ReleaseScriptCaches (1ms)
			RebuildScriptCaches (42ms)
			SetupLoadedEditorAssemblies (394ms)
				LogAssemblyErrors (0ms)
				InitializePlatformSupportModulesInManaged (6ms)
				SetLoadedEditorAssemblies (1ms)
				RefreshPlugins (1ms)
				BeforeProcessingInitializeOnLoad (59ms)
				ProcessInitializeOnLoadAttributes (280ms)
				ProcessInitializeOnLoadMethodAttributes (42ms)
				AfterProcessingInitializeOnLoad (7ms)
				EditorAssembliesLoaded (0ms)
			ExecutionOrderSort2 (0ms)
			AwakeInstancesAfterBackupRestoration (2ms)
Platform modules already initialized, skipping
Refreshing native plugins compatible for Editor in 0.88 ms, found 2 plugins.
Preloading 0 native plugins for Editor in 0.00 ms.
Unloading 1827 Unused Serialized files (Serialized files now loaded: 0)
System memory in use before: 88.0 MB.
System memory in use after: 88.1 MB.

Unloading 16 unused Assets to reduce memory usage. Loaded Objects now: 2291.
Total: 5.042200 ms (FindLiveObjects: 0.230600 ms CreateObjectMapping: 0.110300 ms MarkObjects: 4.606200 ms  DeleteObjects: 0.093200 ms)

AssetImportParameters requested are different than current active one (requested -> active):
  custom:framework-win-MediaFoundation: 216162199b28c13a410421893ffa2e32 -> 
  custom:video-decoder-ogg-theora: a1e56fd34408186e4bbccfd4996cb3dc -> 
  custom:container-muxer-webm: aa71ff27fc2769a1b78a27578f13a17b -> 
  custom:container-demuxer-webm: 4f35f7cbe854078d1ac9338744f61a02 -> 
  custom:container-demuxer-ogg: 62fdf1f143b41e24485cea50d1cbac27 -> 
  custom:video-encoder-webm-vp8: eb34c28f22e8b96e1ab97ce403110664 -> 
  custom:video-decoder-webm-vp8: 9c59270c3fd7afecdb556c50c9e8de78 -> 
  custom:audio-decoder-ogg-vorbis: bf7c407c2cedff20999df2af8eb42d56 -> 
  custom:audio-encoder-webm-vorbis: bf7c407c2cedff20999df2af8eb42d56 -> 
========================================================================
Received Import Request.
  Time since last request: 73.148970 seconds.
  path: Assets/PlayerMovement.cs
  artifactKey: Guid(982bc74d38bdf61458c5e0583fb88c61) Importer(815301076,1909f56bfc062723c751e8b465ee728b)
Start importing Assets/PlayerMovement.cs using Guid(982bc74d38bdf61458c5e0583fb88c61) Importer(815301076,1909f56bfc062723c751e8b465ee728b)  -> (artifact id: '01e2c0aaf1b51b49d9ce93ec943a02c9') in 0.022140 seconds 
========================================================================
Received Import Request.
  Time since last request: 3.125165 seconds.
  path: Assets/RestartGame.cs
  artifactKey: Guid(fbca077460cdfb04f8aa59f77740ea44) Importer(815301076,1909f56bfc062723c751e8b465ee728b)
Start importing Assets/RestartGame.cs using Guid(fbca077460cdfb04f8aa59f77740ea44) Importer(815301076,1909f56bfc062723c751e8b465ee728b)  -> (artifact id: '6d0af80749b4c9796f0012acd1afab7f') in 0.011252 seconds 
========================================================================
Received Import Request.
  Time since last request: 6.929861 seconds.
  path: Assets/SpawnItems.cs
  artifactKey: Guid(ccd2c43307de67a4aa7a97d5f19ae91b) Importer(815301076,1909f56bfc062723c751e8b465ee728b)
Start importing Assets/SpawnItems.cs using Guid(ccd2c43307de67a4aa7a97d5f19ae91b) Importer(815301076,1909f56bfc062723c751e8b465ee728b)  -> (artifact id: '180dc0172d440638a9ab4637c58ea486') in 0.014580 seconds 
========================================================================
Received Import Request.
  Time since last request: 252.756293 seconds.
  path: Assets/EnterActivator.cs
  artifactKey: Guid(35ea5672675f72a46b29e979fae1020b) Importer(815301076,1909f56bfc062723c751e8b465ee728b)
Start importing Assets/EnterActivator.cs using Guid(35ea5672675f72a46b29e979fae1020b) Importer(815301076,1909f56bfc062723c751e8b465ee728b)  -> (artifact id: 'd60a8b3653574996885d29641ec73b43') in 0.014523 seconds 
========================================================================
Received Prepare
Registering precompiled user dll's ...
Registered in 0.002689 seconds.
Begin MonoManager ReloadAssembly
Native extension for WindowsStandalone target not found
Refreshing native plugins compatible for Editor in 0.51 ms, found 2 plugins.
Preloading 0 native plugins for Editor in 0.00 ms.
Mono: successfully reloaded assembly
- Completed reload, in  1.229 seconds
Domain Reload Profiling:
	ReloadAssembly (1230ms)
		BeginReloadAssembly (132ms)
			ExecutionOrderSort (0ms)
			DisableScriptedObjects (4ms)
			BackupInstance (0ms)
			ReleaseScriptingObjects (0ms)
			CreateAndSetChildDomain (34ms)
		EndReloadAssembly (997ms)
			LoadAssemblies (113ms)
			RebuildTransferFunctionScriptingTraits (0ms)
			SetupTypeCache (270ms)
			ReleaseScriptCaches (1ms)
			RebuildScriptCaches (43ms)
			SetupLoadedEditorAssemblies (456ms)
				LogAssemblyErrors (0ms)
				InitializePlatformSupportModulesInManaged (4ms)
				SetLoadedEditorAssemblies (1ms)
				RefreshPlugins (1ms)
				BeforeProcessingInitializeOnLoad (51ms)
				ProcessInitializeOnLoadAttributes (339ms)
				ProcessInitializeOnLoadMethodAttributes (51ms)
				AfterProcessingInitializeOnLoad (9ms)
				EditorAssembliesLoaded (1ms)
			ExecutionOrderSort2 (0ms)
			AwakeInstancesAfterBackupRestoration (4ms)
Platform modules already initialized, skipping
Refreshing native plugins compatible for Editor in 0.75 ms, found 2 plugins.
Preloading 0 native plugins for Editor in 0.00 ms.
Unloading 1827 Unused Serialized files (Serialized files now loaded: 0)
System memory in use before: 88.1 MB.
System memory in use after: 88.2 MB.

Unloading 15 unused Assets to reduce memory usage. Loaded Objects now: 2294.
Total: 6.904200 ms (FindLiveObjects: 0.374600 ms CreateObjectMapping: 0.128200 ms MarkObjects: 6.224600 ms  DeleteObjects: 0.174300 ms)

AssetImportParameters requested are different than current active one (requested -> active):
  custom:framework-win-MediaFoundation: 216162199b28c13a410421893ffa2e32 -> 
  custom:video-decoder-ogg-theora: a1e56fd34408186e4bbccfd4996cb3dc -> 
  custom:container-muxer-webm: aa71ff27fc2769a1b78a27578f13a17b -> 
  custom:container-demuxer-webm: 4f35f7cbe854078d1ac9338744f61a02 -> 
  custom:container-demuxer-ogg: 62fdf1f143b41e24485cea50d1cbac27 -> 
  custom:video-encoder-webm-vp8: eb34c28f22e8b96e1ab97ce403110664 -> 
  custom:video-decoder-webm-vp8: 9c59270c3fd7afecdb556c50c9e8de78 -> 
  custom:audio-decoder-ogg-vorbis: bf7c407c2cedff20999df2af8eb42d56 -> 
  custom:audio-encoder-webm-vorbis: bf7c407c2cedff20999df2af8eb42d56 -> 
========================================================================
Received Import Request.
  Time since last request: 417.565913 seconds.
  path: Assets/Block Girl Pack/prefabs/typeB
  artifactKey: Guid(0c90d2856c40f437f81552b4c42f8e53) Importer(815301076,1909f56bfc062723c751e8b465ee728b)
Start importing Assets/Block Girl Pack/prefabs/typeB using Guid(0c90d2856c40f437f81552b4c42f8e53) Importer(815301076,1909f56bfc062723c751e8b465ee728b)  -> (artifact id: 'c99cd8ff77a3dd8aec8a863da05cabee') in 0.024049 seconds 
========================================================================
Received Import Request.
  Time since last request: 0.749193 seconds.
  path: Assets/Block Girl Pack/prefabs/typeB/skin_dark
  artifactKey: Guid(5584c214ff596454199df0c2c0821e75) Importer(815301076,1909f56bfc062723c751e8b465ee728b)
Start importing Assets/Block Girl Pack/prefabs/typeB/skin_dark using Guid(5584c214ff596454199df0c2c0821e75) Importer(815301076,1909f56bfc062723c751e8b465ee728b)  -> (artifact id: '88093c8b7f8b9b40a8147b34d3a8c703') in 0.014972 seconds 
========================================================================
Received Import Request.
  Time since last request: 0.062525 seconds.
  path: Assets/Block Girl Pack/prefabs/typeB/skin_dark/hbcf_b_01_dark.prefab
  artifactKey: Guid(87715daf676ee482083ee32e89b056fd) Importer(815301076,1909f56bfc062723c751e8b465ee728b)
Start importing Assets/Block Girl Pack/prefabs/typeB/skin_dark/hbcf_b_01_dark.prefab using Guid(87715daf676ee482083ee32e89b056fd) Importer(815301076,1909f56bfc062723c751e8b465ee728b)  -> (artifact id: 'aee9af3c39e266a48e4ea8a6c980547c') in 0.124621 seconds 
========================================================================
Received Import Request.
  Time since last request: 0.000319 seconds.
  path: Assets/Block Girl Pack/prefabs/typeB/skin_dark/hbcf_b_07_dark.prefab
  artifactKey: Guid(71fb140412fe04364a5fa14bfb04c82e) Importer(815301076,1909f56bfc062723c751e8b465ee728b)
Start importing Assets/Block Girl Pack/prefabs/typeB/skin_dark/hbcf_b_07_dark.prefab using Guid(71fb140412fe04364a5fa14bfb04c82e) Importer(815301076,1909f56bfc062723c751e8b465ee728b)  -> (artifact id: 'aeb2000887f964ea3ae4b96d7c43dd08') in 0.048325 seconds 
========================================================================
Received Import Request.
  Time since last request: 0.000230 seconds.
  path: Assets/Block Girl Pack/prefabs/typeB/skin_dark/hbcf_b_02_dark.prefab
  artifactKey: Guid(5ad3ff9c3b43840f9af6eff46cd60c44) Importer(815301076,1909f56bfc062723c751e8b465ee728b)
Start importing Assets/Block Girl Pack/prefabs/typeB/skin_dark/hbcf_b_02_dark.prefab using Guid(5ad3ff9c3b43840f9af6eff46cd60c44) Importer(815301076,1909f56bfc062723c751e8b465ee728b)  -> (artifact id: '2bda24a11b849dc6a85783daa418b3fe') in 0.052356 seconds 
========================================================================
Received Import Request.
  Time since last request: 0.000265 seconds.
  path: Assets/Block Girl Pack/prefabs/typeB/skin_dark/hbcf_b_05_dark.prefab
  artifactKey: Guid(1f136b3047efe4ff59752a1fb2330165) Importer(815301076,1909f56bfc062723c751e8b465ee728b)
Start importing Assets/Block Girl Pack/prefabs/typeB/skin_dark/hbcf_b_05_dark.prefab using Guid(1f136b3047efe4ff59752a1fb2330165) Importer(815301076,1909f56bfc062723c751e8b465ee728b)  -> (artifact id: '9e7d9cf7ae02887203b52a27e2e6a351') in 0.052858 seconds 
========================================================================
Received Import Request.
  Time since last request: 0.000361 seconds.
  path: Assets/Block Girl Pack/prefabs/typeB/skin_dark/hbcf_b_08_dark.prefab
  artifactKey: Guid(962bca306ca45481eaa65a9cc2226614) Importer(815301076,1909f56bfc062723c751e8b465ee728b)
Start importing Assets/Block Girl Pack/prefabs/typeB/skin_dark/hbcf_b_08_dark.prefab using Guid(962bca306ca45481eaa65a9cc2226614) Importer(815301076,1909f56bfc062723c751e8b465ee728b)  -> (artifact id: 'b023517ef5e4732f1dbb35992faf5f8c') in 0.037595 seconds 
========================================================================
Received Import Request.
  Time since last request: 0.000232 seconds.
  path: Assets/Block Girl Pack/prefabs/typeB/skin_dark/hbcf_b_03_dark.prefab
  artifactKey: Guid(2f51d3619190f4273a8c923f75ab6bd7) Importer(815301076,1909f56bfc062723c751e8b465ee728b)
Start importing Assets/Block Girl Pack/prefabs/typeB/skin_dark/hbcf_b_03_dark.prefab using Guid(2f51d3619190f4273a8c923f75ab6bd7) Importer(815301076,1909f56bfc062723c751e8b465ee728b)  -> (artifact id: '1f605ac67b52cb9478a67d424c076f82') in 0.034371 seconds 
========================================================================
Received Import Request.
  Time since last request: 0.000246 seconds.
  path: Assets/Block Girl Pack/prefabs/typeB/skin_dark/hbcf_b_06_dark.prefab
  artifactKey: Guid(d4c215766651447edb3a540d649108c9) Importer(815301076,1909f56bfc062723c751e8b465ee728b)
Start importing Assets/Block Girl Pack/prefabs/typeB/skin_dark/hbcf_b_06_dark.prefab using Guid(d4c215766651447edb3a540d649108c9) Importer(815301076,1909f56bfc062723c751e8b465ee728b)  -> (artifact id: '60b48aca1251c0489e6e0df423fa65de') in 0.022229 seconds 
========================================================================
Received Import Request.
  Time since last request: 0.000236 seconds.
  path: Assets/Block Girl Pack/prefabs/typeB/skin_dark/hbcf_b_04_dark.prefab
  artifactKey: Guid(3249a31e5fb6b484d880191014de7bcb) Importer(815301076,1909f56bfc062723c751e8b465ee728b)
Start importing Assets/Block Girl Pack/prefabs/typeB/skin_dark/hbcf_b_04_dark.prefab using Guid(3249a31e5fb6b484d880191014de7bcb) Importer(815301076,1909f56bfc062723c751e8b465ee728b)  -> (artifact id: '427d94fe03b4869ac2f21b44e6495850') in 0.038667 seconds 
========================================================================
Received Import Request.
  Time since last request: 0.000220 seconds.
  path: Assets/Block Girl Pack/prefabs/typeB/skin_dark/hbcf_b_10_dark.prefab
  artifactKey: Guid(037c01d9df11d4dcb9427aeea9d6d960) Importer(815301076,1909f56bfc062723c751e8b465ee728b)
Start importing Assets/Block Girl Pack/prefabs/typeB/skin_dark/hbcf_b_10_dark.prefab using Guid(037c01d9df11d4dcb9427aeea9d6d960) Importer(815301076,1909f56bfc062723c751e8b465ee728b)  -> (artifact id: '10ab67f3032729038accc31417c94308') in 0.033049 seconds 
========================================================================
Received Import Request.
  Time since last request: 0.000379 seconds.
  path: Assets/Block Girl Pack/prefabs/typeB/skin_dark/hbcf_b_09_dark.prefab
  artifactKey: Guid(ffdfd1527fdb54895b3bd742e2013ea9) Importer(815301076,1909f56bfc062723c751e8b465ee728b)
Start importing Assets/Block Girl Pack/prefabs/typeB/skin_dark/hbcf_b_09_dark.prefab using Guid(ffdfd1527fdb54895b3bd742e2013ea9) Importer(815301076,1909f56bfc062723c751e8b465ee728b)  -> (artifact id: 'cd177c68434b0fa51d4e6686b082d73f') in 0.037343 seconds 
========================================================================
Received Prepare
Registering precompiled user dll's ...
Registered in 0.005286 seconds.
Begin MonoManager ReloadAssembly
Native extension for WindowsStandalone target not found
Refreshing native plugins compatible for Editor in 0.50 ms, found 2 plugins.
Preloading 0 native plugins for Editor in 0.00 ms.
Mono: successfully reloaded assembly
- Completed reload, in  1.273 seconds
Domain Reload Profiling:
	ReloadAssembly (1274ms)
		BeginReloadAssembly (157ms)
			ExecutionOrderSort (0ms)
			DisableScriptedObjects (4ms)
			BackupInstance (0ms)
			ReleaseScriptingObjects (0ms)
			CreateAndSetChildDomain (49ms)
		EndReloadAssembly (1027ms)
			LoadAssemblies (125ms)
			RebuildTransferFunctionScriptingTraits (0ms)
			SetupTypeCache (316ms)
			ReleaseScriptCaches (3ms)
			RebuildScriptCaches (53ms)
			SetupLoadedEditorAssemblies (418ms)
				LogAssemblyErrors (0ms)
				InitializePlatformSupportModulesInManaged (4ms)
				SetLoadedEditorAssemblies (1ms)
				RefreshPlugins (1ms)
				BeforeProcessingInitializeOnLoad (85ms)
				ProcessInitializeOnLoadAttributes (288ms)
				ProcessInitializeOnLoadMethodAttributes (33ms)
				AfterProcessingInitializeOnLoad (6ms)
				EditorAssembliesLoaded (0ms)
			ExecutionOrderSort2 (0ms)
			AwakeInstancesAfterBackupRestoration (2ms)
Platform modules already initialized, skipping
Refreshing native plugins compatible for Editor in 0.76 ms, found 2 plugins.
Preloading 0 native plugins for Editor in 0.00 ms.
Unloading 1827 Unused Serialized files (Serialized files now loaded: 0)
System memory in use before: 104.7 MB.
System memory in use after: 104.8 MB.

Unloading 16 unused Assets to reduce memory usage. Loaded Objects now: 2306.
Total: 4.538000 ms (FindLiveObjects: 0.150500 ms CreateObjectMapping: 0.058100 ms MarkObjects: 4.168400 ms  DeleteObjects: 0.159100 ms)

AssetImportParameters requested are different than current active one (requested -> active):
  custom:framework-win-MediaFoundation: 216162199b28c13a410421893ffa2e32 -> 
  custom:video-decoder-ogg-theora: a1e56fd34408186e4bbccfd4996cb3dc -> 
  custom:container-muxer-webm: aa71ff27fc2769a1b78a27578f13a17b -> 
  custom:container-demuxer-webm: 4f35f7cbe854078d1ac9338744f61a02 -> 
  custom:container-demuxer-ogg: 62fdf1f143b41e24485cea50d1cbac27 -> 
  custom:video-encoder-webm-vp8: eb34c28f22e8b96e1ab97ce403110664 -> 
  custom:video-decoder-webm-vp8: 9c59270c3fd7afecdb556c50c9e8de78 -> 
  custom:audio-decoder-ogg-vorbis: bf7c407c2cedff20999df2af8eb42d56 -> 
  custom:audio-encoder-webm-vorbis: bf7c407c2cedff20999df2af8eb42d56 -> 
AssetImportWorkerClient::OnTransportError - code=2 error=End of file
